#
# There is insufficient memory for the Java Runtime Environment to continue.
# Native memory allocation (malloc) failed to allocate 113770496 bytes for committing reserved memory.
# Possible reasons:
#   The system is out of physical RAM or swap space
#   In 32 bit mode, the process size limit was hit
# Possible solutions:
#   Reduce memory load on the system
#   Increase physical memory or swap space
#   Check if swap backing store is full
#   Use 64 bit Java on a 64 bit OS
#   Decrease Java heap size (-Xmx/-Xms)
#   Decrease number of Java threads
#   Decrease Java thread stack sizes (-Xss)
#   Set larger code cache with -XX:ReservedCodeCacheSize=
# This output file may be truncated or incomplete.
#
#  Out of Memory Error (os_linux.cpp:2798), pid=31555, tid=140035738527488
#
# JRE version: OpenJDK Runtime Environment (7.0_75-b13) (build 1.7.0_75-b13)
# Java VM: OpenJDK 64-Bit Server VM (24.75-b04 mixed mode linux-amd64 compressed oops)
# Derivative: IcedTea 2.5.4
# Distribution: Ubuntu 14.04 LTS, package 7u75-2.5.4-1~trusty1
# Failed to write core dump. Core dumps have been disabled. To enable core dumping, try "ulimit -c unlimited" before starting Java again
#

---------------  T H R E A D  ---------------

Current thread (0x00007f5c98073800):  VMThread [stack: 0x00007f5c9c636000,0x00007f5c9c737000] [id=31566]

Stack: [0x00007f5c9c636000,0x00007f5c9c737000],  sp=0x00007f5c9c735490,  free space=1021k
Native frames: (J=compiled Java code, j=interpreted, Vv=VM code, C=native code)
V  [libjvm.so+0x94a9d5]  VMError::report_and_die()+0x175
V  [libjvm.so+0x48b954]  report_vm_out_of_memory(char const*, int, unsigned long, char const*)+0x74
V  [libjvm.so+0x7c7b7b]  os::pd_commit_memory(char*, unsigned long, unsigned long, bool)+0xeb
V  [libjvm.so+0x7c263f]  os::commit_memory(char*, unsigned long, unsigned long, bool)+0x1f
V  [libjvm.so+0x834b1b]  PSVirtualSpace::expand_by(unsigned long)+0x5b
V  [libjvm.so+0x82486b]  PSOldGen::expand_by(unsigned long) [clone .part.80]+0x1b
V  [libjvm.so+0x824a2b]  PSOldGen::expand(unsigned long) [clone .part.81]+0xdb
V  [libjvm.so+0x825958]  PSOldGen::resize(unsigned long)+0x188
V  [libjvm.so+0x82ca24]  PSParallelCompact::invoke_no_policy(bool)+0x9c4
V  [libjvm.so+0x832c5d]  PSScavenge::invoke()+0x17d
V  [libjvm.so+0x7e9203]  ParallelScavengeHeap::failed_mem_allocate(unsigned long)+0x63
V  [libjvm.so+0x94c3d4]  VM_ParallelGCFailedAllocation::doit()+0x84
V  [libjvm.so+0x9508d7]  VM_Operation::evaluate()+0x47
V  [libjvm.so+0x94f248]  VMThread::evaluate_operation(VM_Operation*)+0x318
V  [libjvm.so+0x94f6a9]  VMThread::loop()+0x219
V  [libjvm.so+0x94faf2]  VMThread::run()+0x72
V  [libjvm.so+0x7c4a42]  java_start(Thread*)+0xf2

VM_Operation (0x00007f5ca1606690): ParallelGCFailedAllocation, mode: safepoint, requested by thread 0x00007f5c98008000


---------------  P R O C E S S  ---------------

Java Threads: ( => current thread )
  0x00007f5c980ae000 JavaThread "Service Thread" daemon [_thread_blocked, id=31572, stack(0x00007f5c94cfd000,0x00007f5c94dfe000)]
  0x00007f5c980ab800 JavaThread "C2 CompilerThread1" daemon [_thread_blocked, id=31571, stack(0x00007f5c94dfe000,0x00007f5c94eff000)]
  0x00007f5c980a8800 JavaThread "C2 CompilerThread0" daemon [_thread_blocked, id=31570, stack(0x00007f5c94eff000,0x00007f5c95000000)]
  0x00007f5c980a6800 JavaThread "Signal Dispatcher" daemon [_thread_blocked, id=31569, stack(0x00007f5c9c06a000,0x00007f5c9c16b000)]
  0x00007f5c98079800 JavaThread "Finalizer" daemon [_thread_blocked, id=31568, stack(0x00007f5c9c434000,0x00007f5c9c535000)]
  0x00007f5c98077800 JavaThread "Reference Handler" daemon [_thread_blocked, id=31567, stack(0x00007f5c9c535000,0x00007f5c9c636000)]
  0x00007f5c98008000 JavaThread "main" [_thread_blocked, id=31558, stack(0x00007f5ca1507000,0x00007f5ca1608000)]

Other Threads:
=>0x00007f5c98073800 VMThread [stack: 0x00007f5c9c636000,0x00007f5c9c737000] [id=31566]
  0x00007f5c980b8800 WatcherThread [stack: 0x00007f5c94bfc000,0x00007f5c94cfd000] [id=31573]

VM state:at safepoint (normal execution)

VM Mutex/Monitor currently owned by a thread:  ([mutex/lock_event])
[0x00007f5c98005df0] ExpandHeap_lock - owner thread: 0x00007f5c98073800
[0x00007f5c98006470] Threads_lock - owner thread: 0x00007f5c98073800
[0x00007f5c98006970] Heap_lock - owner thread: 0x00007f5c98008000

Heap
 PSYoungGen      total 636928K, used 0K [0x00000007d6e80000, 0x0000000800000000, 0x0000000800000000)
  eden space 600576K, 0% used [0x00000007d6e80000,0x00000007d6e80000,0x00000007fb900000)
  from space 36352K, 0% used [0x00000007fb900000,0x00000007fb900000,0x00000007fdc80000)
  to   space 35840K, 0% used [0x00000007fdd00000,0x00000007fdd00000,0x0000000800000000)
 ParOldGen       total 153600K, used 152248K [0x0000000784c00000, 0x000000078e200000, 0x00000007d6e80000)
  object space 153600K, 99% used [0x0000000784c00000,0x000000078e0ae250,0x000000078e200000)
 PSPermGen       total 21504K, used 3489K [0x000000077a600000, 0x000000077bb00000, 0x0000000784c00000)
  object space 21504K, 16% used [0x000000077a600000,0x000000077a968410,0x000000077bb00000)

Card table byte_map: [0x00007f5c9e4a2000,0x00007f5c9e8d0000] byte_map_base: 0x00007f5c9a8cf000

Polling page: 0x00007f5ca1632000

Code Cache  [0x00007f5c95000000, 0x00007f5c95270000, 0x00007f5c98000000)
 total_blobs=232 nmethods=42 adapters=144 free_code_cache=48616Kb largest_free_block=49745728

Compilation events (10 events):
Event: 7.771 Thread 0x00007f5c980a8800   38             java.util.HashMap$Entry::getKey (5 bytes)
Event: 7.771 Thread 0x00007f5c980a8800 nmethod 38 0x00007f5c95077490 code [0x00007f5c950775c0, 0x00007f5c95077638]
Event: 7.771 Thread 0x00007f5c980a8800   39             java.util.HashMap$KeyIterator::next (8 bytes)
Event: 7.774 Thread 0x00007f5c980a8800 nmethod 39 0x00007f5c9506b910 code [0x00007f5c9506ba60, 0x00007f5c9506bbb8]
Event: 7.913 Thread 0x00007f5c980a8800   40 %           TP::applyAxioms @ 186 (357 bytes)
Event: 7.958 Thread 0x00007f5c980ab800   41             java.util.HashMap::put (142 bytes)
Event: 7.965 Thread 0x00007f5c980ab800 nmethod 41 0x00007f5c95078150 code [0x00007f5c95078300, 0x00007f5c950788a8]
Event: 8.062 Thread 0x00007f5c980a8800 nmethod 40% 0x00007f5c95084190 code [0x00007f5c95084640, 0x00007f5c95086fb0]
Event: 16.312 Thread 0x00007f5c980ab800   42 %           TP::applyAxioms @ 186 (357 bytes)
Event: 16.583 Thread 0x00007f5c980ab800 nmethod 42% 0x00007f5c95089c90 code [0x00007f5c9508a180, 0x00007f5c9508c5d8]

GC Heap History (10 events):
Event: 12.216 GC heap after
Heap after GC invocations=14 (full 0):
 PSYoungGen      total 643072K, used 19488K [0x00000007d6e80000, 0x0000000800000000, 0x0000000800000000)
  eden space 622080K, 0% used [0x00000007d6e80000,0x00000007d6e80000,0x00000007fce00000)
  from space 20992K, 92% used [0x00000007feb80000,0x00000007ffe88000,0x0000000800000000)
  to   space 25600K, 0% used [0x00000007fce00000,0x00000007fce00000,0x00000007fe700000)
 ParOldGen       total 83968K, used 75684K [0x0000000784c00000, 0x0000000789e00000, 0x00000007d6e80000)
  object space 83968K, 90% used [0x0000000784c00000,0x00000007895e9090,0x0000000789e00000)
 PSPermGen       total 21504K, used 3489K [0x000000077a600000, 0x000000077bb00000, 0x0000000784c00000)
  object space 21504K, 16% used [0x000000077a600000,0x000000077a9687f8,0x000000077bb00000)
}
Event: 12.216 GC heap before
{Heap before GC invocations=15 (full 1):
 PSYoungGen      total 643072K, used 19488K [0x00000007d6e80000, 0x0000000800000000, 0x0000000800000000)
  eden space 622080K, 0% used [0x00000007d6e80000,0x00000007d6e80000,0x00000007fce00000)
  from space 20992K, 92% used [0x00000007feb80000,0x00000007ffe88000,0x0000000800000000)
  to   space 25600K, 0% used [0x00000007fce00000,0x00000007fce00000,0x00000007fe700000)
 ParOldGen       total 83968K, used 75684K [0x0000000784c00000, 0x0000000789e00000, 0x00000007d6e80000)
  object space 83968K, 90% used [0x0000000784c00000,0x00000007895e9090,0x0000000789e00000)
 PSPermGen       total 21504K, used 3489K [0x000000077a600000, 0x000000077bb00000, 0x0000000784c00000)
  object space 21504K, 16% used [0x000000077a600000,0x000000077a9687f8,0x000000077bb00000)
Event: 15.606 GC heap after
Heap after GC invocations=15 (full 1):
 PSYoungGen      total 643072K, used 10223K [0x00000007d6e80000, 0x0000000800000000, 0x0000000800000000)
  eden space 622080K, 0% used [0x00000007d6e80000,0x00000007d6e80000,0x00000007fce00000)
  from space 20992K, 48% used [0x00000007feb80000,0x00000007ff57bc28,0x0000000800000000)
  to   space 25600K, 0% used [0x00000007fce00000,0x00000007fce00000,0x00000007fe700000)
 ParOldGen       total 153600K, used 83903K [0x0000000784c00000, 0x000000078e200000, 0x00000007d6e80000)
  object space 153600K, 54% used [0x0000000784c00000,0x0000000789defc68,0x000000078e200000)
 PSPermGen       total 21504K, used 3488K [0x000000077a600000, 0x000000077bb00000, 0x0000000784c00000)
  object space 21504K, 16% used [0x000000077a600000,0x000000077a9683f0,0x000000077bb00000)
}
Event: 16.315 GC heap before
{Heap before GC invocations=16 (full 1):
 PSYoungGen      total 643072K, used 632303K [0x00000007d6e80000, 0x0000000800000000, 0x0000000800000000)
  eden space 622080K, 100% used [0x00000007d6e80000,0x00000007fce00000,0x00000007fce00000)
  from space 20992K, 48% used [0x00000007feb80000,0x00000007ff57bc28,0x0000000800000000)
  to   space 25600K, 0% used [0x00000007fce00000,0x00000007fce00000,0x00000007fe700000)
 ParOldGen       total 153600K, used 83903K [0x0000000784c00000, 0x000000078e200000, 0x00000007d6e80000)
  object space 153600K, 54% used [0x0000000784c00000,0x0000000789defc68,0x000000078e200000)
 PSPermGen       total 21504K, used 3488K [0x000000077a600000, 0x000000077bb00000, 0x0000000784c00000)
  object space 21504K, 16% used [0x000000077a600000,0x000000077a9683f0,0x000000077bb00000)
Event: 16.431 GC heap after
Heap after GC invocations=16 (full 1):
 PSYoungGen      total 642048K, used 19616K [0x00000007d6e80000, 0x0000000800000000, 0x0000000800000000)
  eden space 622080K, 0% used [0x00000007d6e80000,0x00000007d6e80000,0x00000007fce00000)
  from space 19968K, 98% used [0x00000007fce00000,0x00000007fe128010,0x00000007fe180000)
  to   space 27648K, 0% used [0x00000007fe500000,0x00000007fe500000,0x0000000800000000)
 ParOldGen       total 153600K, used 94223K [0x0000000784c00000, 0x000000078e200000, 0x00000007d6e80000)
  object space 153600K, 61% used [0x0000000784c00000,0x000000078a803c68,0x000000078e200000)
 PSPermGen       total 21504K, used 3488K [0x000000077a600000, 0x000000077bb00000, 0x0000000784c00000)
  object space 21504K, 16% used [0x000000077a600000,0x000000077a9683f0,0x000000077bb00000)
}
Event: 17.055 GC heap before
{Heap before GC invocations=17 (full 1):
 PSYoungGen      total 642048K, used 641696K [0x00000007d6e80000, 0x0000000800000000, 0x0000000800000000)
  eden space 622080K, 100% used [0x00000007d6e80000,0x00000007fce00000,0x00000007fce00000)
  from space 19968K, 98% used [0x00000007fce00000,0x00000007fe128010,0x00000007fe180000)
  to   space 27648K, 0% used [0x00000007fe500000,0x00000007fe500000,0x0000000800000000)
 ParOldGen       total 153600K, used 94223K [0x0000000784c00000, 0x000000078e200000, 0x00000007d6e80000)
  object space 153600K, 61% used [0x0000000784c00000,0x000000078a803c68,0x000000078e200000)
 PSPermGen       total 21504K, used 3489K [0x000000077a600000, 0x000000077bb00000, 0x0000000784c00000)
  object space 21504K, 16% used [0x000000077a600000,0x000000077a968410,0x000000077bb00000)
Event: 17.172 GC heap after
Heap after GC invocations=17 (full 1):
 PSYoungGen      total 628224K, used 27616K [0x00000007d6e80000, 0x0000000800000000, 0x0000000800000000)
  eden space 600576K, 0% used [0x00000007d6e80000,0x00000007d6e80000,0x00000007fb900000)
  from space 27648K, 99% used [0x00000007fe500000,0x00000007ffff8010,0x0000000800000000)
  to   space 36352K, 0% used [0x00000007fb900000,0x00000007fb900000,0x00000007fdc80000)
 ParOldGen       total 153600K, used 106143K [0x0000000784c00000, 0x000000078e200000, 0x00000007d6e80000)
  object space 153600K, 69% used [0x0000000784c00000,0x000000078b3a7c68,0x000000078e200000)
 PSPermGen       total 21504K, used 3489K [0x000000077a600000, 0x000000077bb00000, 0x0000000784c00000)
  object space 21504K, 16% used [0x000000077a600000,0x000000077a968410,0x000000077bb00000)
}
Event: 17.907 GC heap before
{Heap before GC invocations=18 (full 1):
 PSYoungGen      total 628224K, used 628192K [0x00000007d6e80000, 0x0000000800000000, 0x0000000800000000)
  eden space 600576K, 100% used [0x00000007d6e80000,0x00000007fb900000,0x00000007fb900000)
  from space 27648K, 99% used [0x00000007fe500000,0x00000007ffff8010,0x0000000800000000)
  to   space 36352K, 0% used [0x00000007fb900000,0x00000007fb900000,0x00000007fdc80000)
 ParOldGen       total 153600K, used 106143K [0x0000000784c00000, 0x000000078e200000, 0x00000007d6e80000)
  object space 153600K, 69% used [0x0000000784c00000,0x000000078b3a7c68,0x000000078e200000)
 PSPermGen       total 21504K, used 3489K [0x000000077a600000, 0x000000077bb00000, 0x0000000784c00000)
  object space 21504K, 16% used [0x000000077a600000,0x000000077a968410,0x000000077bb00000)
Event: 18.060 GC heap after
Heap after GC invocations=18 (full 1):
 PSYoungGen      total 636928K, used 19136K [0x00000007d6e80000, 0x0000000800000000, 0x0000000800000000)
  eden space 600576K, 0% used [0x00000007d6e80000,0x00000007d6e80000,0x00000007fb900000)
  from space 36352K, 52% used [0x00000007fb900000,0x00000007fcbb0000,0x00000007fdc80000)
  to   space 35840K, 0% used [0x00000007fdd00000,0x00000007fdd00000,0x0000000800000000)
 ParOldGen       total 153600K, used 133975K [0x0000000784c00000, 0x000000078e200000, 0x00000007d6e80000)
  object space 153600K, 87% used [0x0000000784c00000,0x000000078ced5c78,0x000000078e200000)
 PSPermGen       total 21504K, used 3489K [0x000000077a600000, 0x000000077bb00000, 0x0000000784c00000)
  object space 21504K, 16% used [0x000000077a600000,0x000000077a968410,0x000000077bb00000)
}
Event: 18.060 GC heap before
{Heap before GC invocations=19 (full 2):
 PSYoungGen      total 636928K, used 19136K [0x00000007d6e80000, 0x0000000800000000, 0x0000000800000000)
  eden space 600576K, 0% used [0x00000007d6e80000,0x00000007d6e80000,0x00000007fb900000)
  from space 36352K, 52% used [0x00000007fb900000,0x00000007fcbb0000,0x00000007fdc80000)
  to   space 35840K, 0% used [0x00000007fdd00000,0x00000007fdd00000,0x0000000800000000)
 ParOldGen       total 153600K, used 133975K [0x0000000784c00000, 0x000000078e200000, 0x00000007d6e80000)
  object space 153600K, 87% used [0x0000000784c00000,0x000000078ced5c78,0x000000078e200000)
 PSPermGen       total 21504K, used 3489K [0x000000077a600000, 0x000000077bb00000, 0x0000000784c00000)
  object space 21504K, 16% used [0x000000077a600000,0x000000077a968410,0x000000077bb00000)

Deoptimization events (1 events):
Event: 16.270 Thread 0x00007f5c98008000 Uncommon trap: reason=unreached action=reinterpret pc=0x00007f5c95086774 method=TP.applyAxioms()V @ 285

Internal exceptions (10 events):
Event: 0.241 Thread 0x00007f5c98008000 Threw 0x00000007d6ec8538 at /build/buildd/openjdk-7-7u75-2.5.4/build/openjdk/hotspot/src/share/vm/prims/jvm.cpp:1284
Event: 0.241 Thread 0x00007f5c98008000 Threw 0x00000007d6ec8660 at /build/buildd/openjdk-7-7u75-2.5.4/build/openjdk/hotspot/src/share/vm/prims/jvm.cpp:1284
Event: 0.241 Thread 0x00007f5c98008000 Threw 0x00000007d6ec9578 at /build/buildd/openjdk-7-7u75-2.5.4/build/openjdk/hotspot/src/share/vm/prims/jvm.cpp:1284
Event: 0.249 Thread 0x00007f5c98008000 Threw 0x00000007d6ed3bf8 at /build/buildd/openjdk-7-7u75-2.5.4/build/openjdk/hotspot/src/share/vm/prims/jvm.cpp:1284
Event: 0.316 Thread 0x00007f5c98008000 Threw 0x00000007d6ef3de8 at /build/buildd/openjdk-7-7u75-2.5.4/build/openjdk/hotspot/src/share/vm/prims/jvm.cpp:1284
Event: 0.316 Thread 0x00007f5c98008000 Threw 0x00000007d6ef3f10 at /build/buildd/openjdk-7-7u75-2.5.4/build/openjdk/hotspot/src/share/vm/prims/jvm.cpp:1284
Event: 0.316 Thread 0x00007f5c98008000 Threw 0x00000007d6ef64c0 at /build/buildd/openjdk-7-7u75-2.5.4/build/openjdk/hotspot/src/share/vm/prims/jvm.cpp:1284
Event: 0.316 Thread 0x00007f5c98008000 Threw 0x00000007d6ef65e8 at /build/buildd/openjdk-7-7u75-2.5.4/build/openjdk/hotspot/src/share/vm/prims/jvm.cpp:1284
Event: 0.316 Thread 0x00007f5c98008000 Threw 0x00000007d6ef6ee8 at /build/buildd/openjdk-7-7u75-2.5.4/build/openjdk/hotspot/src/share/vm/prims/jvm.cpp:1284
Event: 0.316 Thread 0x00007f5c98008000 Threw 0x00000007d6ef7010 at /build/buildd/openjdk-7-7u75-2.5.4/build/openjdk/hotspot/src/share/vm/prims/jvm.cpp:1284

Events (10 events):
Event: 12.051 Executing VM operation: ParallelGCFailedAllocation
Event: 15.606 Executing VM operation: ParallelGCFailedAllocation done
Event: 16.270 Thread 0x00007f5c98008000 Uncommon trap: trap_request=0xffffffad fr.pc=0x00007f5c95086774
Event: 16.270 Thread 0x00007f5c98008000 DEOPT PACKING pc=0x00007f5c95086774 sp=0x00007f5ca16068a0
Event: 16.270 Thread 0x00007f5c98008000 DEOPT UNPACKING pc=0x00007f5c95039445 sp=0x00007f5ca1606878 mode 2
Event: 16.314 Executing VM operation: ParallelGCFailedAllocation
Event: 16.431 Executing VM operation: ParallelGCFailedAllocation done
Event: 17.055 Executing VM operation: ParallelGCFailedAllocation
Event: 17.172 Executing VM operation: ParallelGCFailedAllocation done
Event: 17.907 Executing VM operation: ParallelGCFailedAllocation


Dynamic libraries:
00400000-00401000 r-xp 00000000 fc:00 547025                             /usr/lib/jvm/java-7-openjdk-amd64/jre/bin/java
00600000-00601000 r--p 00000000 fc:00 547025                             /usr/lib/jvm/java-7-openjdk-amd64/jre/bin/java
00601000-00602000 rw-p 00001000 fc:00 547025                             /usr/lib/jvm/java-7-openjdk-amd64/jre/bin/java
0246d000-0248e000 rw-p 00000000 00:00 0                                  [heap]
77a600000-77bb00000 rw-p 00000000 00:00 0 
77bb00000-784c00000 rw-p 00000000 00:00 0 
784c00000-78e200000 rw-p 00000000 00:00 0 
794e80000-7d6e80000 rw-p 00000000 00:00 0 
7d6e80000-800000000 rw-p 00000000 00:00 0 
7f5c54000000-7f5c54021000 rw-p 00000000 00:00 0 
7f5c54021000-7f5c58000000 ---p 00000000 00:00 0 
7f5c5c000000-7f5c5c021000 rw-p 00000000 00:00 0 
7f5c5c021000-7f5c60000000 ---p 00000000 00:00 0 
7f5c60000000-7f5c60947000 rw-p 00000000 00:00 0 
7f5c60947000-7f5c64000000 ---p 00000000 00:00 0 
7f5c64000000-7f5c64021000 rw-p 00000000 00:00 0 
7f5c64021000-7f5c68000000 ---p 00000000 00:00 0 
7f5c68000000-7f5c684fb000 rw-p 00000000 00:00 0 
7f5c684fb000-7f5c6c000000 ---p 00000000 00:00 0 
7f5c6c000000-7f5c6c021000 rw-p 00000000 00:00 0 
7f5c6c021000-7f5c70000000 ---p 00000000 00:00 0 
7f5c70000000-7f5c70021000 rw-p 00000000 00:00 0 
7f5c70021000-7f5c74000000 ---p 00000000 00:00 0 
7f5c74000000-7f5c74021000 rw-p 00000000 00:00 0 
7f5c74021000-7f5c78000000 ---p 00000000 00:00 0 
7f5c78000000-7f5c780e1000 rw-p 00000000 00:00 0 
7f5c780e1000-7f5c7c000000 ---p 00000000 00:00 0 
7f5c7c000000-7f5c7c021000 rw-p 00000000 00:00 0 
7f5c7c021000-7f5c80000000 ---p 00000000 00:00 0 
7f5c83d30000-7f5c88000000 rw-p 00000000 00:00 0 
7f5c88000000-7f5c88021000 rw-p 00000000 00:00 0 
7f5c88021000-7f5c8c000000 ---p 00000000 00:00 0 
7f5c90000000-7f5c90021000 rw-p 00000000 00:00 0 
7f5c90021000-7f5c94000000 ---p 00000000 00:00 0 
7f5c94a9b000-7f5c94bfc000 rw-p 00000000 00:00 0 
7f5c94bfc000-7f5c94bfd000 ---p 00000000 00:00 0 
7f5c94bfd000-7f5c94cfd000 rw-p 00000000 00:00 0                          [stack:31573]
7f5c94cfd000-7f5c94d00000 ---p 00000000 00:00 0 
7f5c94d00000-7f5c94dfe000 rw-p 00000000 00:00 0                          [stack:31572]
7f5c94dfe000-7f5c94e01000 ---p 00000000 00:00 0 
7f5c94e01000-7f5c94eff000 rw-p 00000000 00:00 0                          [stack:31571]
7f5c94eff000-7f5c94f02000 ---p 00000000 00:00 0 
7f5c94f02000-7f5c95000000 rw-p 00000000 00:00 0                          [stack:31570]
7f5c95000000-7f5c95270000 rwxp 00000000 00:00 0 
7f5c95270000-7f5c98146000 rw-p 00000000 00:00 0 
7f5c98146000-7f5c9c000000 ---p 00000000 00:00 0 
7f5c9c06a000-7f5c9c06d000 ---p 00000000 00:00 0 
7f5c9c06d000-7f5c9c16b000 rw-p 00000000 00:00 0                          [stack:31569]
7f5c9c16b000-7f5c9c434000 r--p 00000000 fc:00 392600                     /usr/lib/locale/locale-archive
7f5c9c434000-7f5c9c437000 ---p 00000000 00:00 0 
7f5c9c437000-7f5c9c535000 rw-p 00000000 00:00 0                          [stack:31568]
7f5c9c535000-7f5c9c538000 ---p 00000000 00:00 0 
7f5c9c538000-7f5c9c636000 rw-p 00000000 00:00 0                          [stack:31567]
7f5c9c636000-7f5c9c637000 ---p 00000000 00:00 0 
7f5c9c637000-7f5c9d734000 rw-p 00000000 00:00 0                          [stack:31566]
7f5c9d734000-7f5c9d8e6000 r--s 01d23000 fc:00 665210                     /usr/lib/jvm/java-7-openjdk-amd64/jre/lib/rt.jar
7f5c9d8e6000-7f5c9de0c000 rw-p 00000000 00:00 0 
7f5c9de0c000-7f5c9de0d000 ---p 00000000 00:00 0 
7f5c9de0d000-7f5c9df0d000 rw-p 00000000 00:00 0                          [stack:31565]
7f5c9df0d000-7f5c9df0e000 ---p 00000000 00:00 0 
7f5c9df0e000-7f5c9e00e000 rw-p 00000000 00:00 0                          [stack:31564]
7f5c9e00e000-7f5c9e00f000 ---p 00000000 00:00 0 
7f5c9e00f000-7f5c9e10f000 rw-p 00000000 00:00 0                          [stack:31563]
7f5c9e10f000-7f5c9e110000 ---p 00000000 00:00 0 
7f5c9e110000-7f5c9e25b000 rw-p 00000000 00:00 0                          [stack:31562]
7f5c9e25b000-7f5c9e4a2000 rw-p 00000000 00:00 0 
7f5c9e4a2000-7f5c9e4ad000 rw-p 00000000 00:00 0 
7f5c9e4ad000-7f5c9e4f5000 rw-p 00000000 00:00 0 
7f5c9e4f5000-7f5c9e540000 rw-p 00000000 00:00 0 
7f5c9e540000-7f5c9e786000 rw-p 00000000 00:00 0 
7f5c9e786000-7f5c9e8cf000 rw-p 00000000 00:00 0 
7f5c9e8cf000-7f5c9e8da000 rw-p 00000000 00:00 0 
7f5c9e8da000-7f5c9e990000 rw-p 00000000 00:00 0 
7f5c9e990000-7f5c9e998000 r-xp 00000000 fc:00 669173                     /usr/lib/jvm/java-7-openjdk-amd64/jre/lib/amd64/libzip.so
7f5c9e998000-7f5c9eb97000 ---p 00008000 fc:00 669173                     /usr/lib/jvm/java-7-openjdk-amd64/jre/lib/amd64/libzip.so
7f5c9eb97000-7f5c9eb98000 r--p 00007000 fc:00 669173                     /usr/lib/jvm/java-7-openjdk-amd64/jre/lib/amd64/libzip.so
7f5c9eb98000-7f5c9eb99000 rw-p 00008000 fc:00 669173                     /usr/lib/jvm/java-7-openjdk-amd64/jre/lib/amd64/libzip.so
7f5c9eb99000-7f5c9ebc4000 r-xp 00000000 fc:00 668159                     /usr/lib/jvm/java-7-openjdk-amd64/jre/lib/amd64/libjava.so
7f5c9ebc4000-7f5c9edc4000 ---p 0002b000 fc:00 668159                     /usr/lib/jvm/java-7-openjdk-amd64/jre/lib/amd64/libjava.so
7f5c9edc4000-7f5c9edc5000 r--p 0002b000 fc:00 668159                     /usr/lib/jvm/java-7-openjdk-amd64/jre/lib/amd64/libjava.so
7f5c9edc5000-7f5c9edc7000 rw-p 0002c000 fc:00 668159                     /usr/lib/jvm/java-7-openjdk-amd64/jre/lib/amd64/libjava.so
7f5c9edc7000-7f5c9edd7000 r-xp 00000000 fc:00 668158                     /usr/lib/jvm/java-7-openjdk-amd64/jre/lib/amd64/libverify.so
7f5c9edd7000-7f5c9efd6000 ---p 00010000 fc:00 668158                     /usr/lib/jvm/java-7-openjdk-amd64/jre/lib/amd64/libverify.so
7f5c9efd6000-7f5c9efd8000 r--p 0000f000 fc:00 668158                     /usr/lib/jvm/java-7-openjdk-amd64/jre/lib/amd64/libverify.so
7f5c9efd8000-7f5c9efd9000 rw-p 00011000 fc:00 668158                     /usr/lib/jvm/java-7-openjdk-amd64/jre/lib/amd64/libverify.so
7f5c9efd9000-7f5c9efe0000 r-xp 00000000 fc:00 663036                     /lib/x86_64-linux-gnu/librt-2.19.so
7f5c9efe0000-7f5c9f1df000 ---p 00007000 fc:00 663036                     /lib/x86_64-linux-gnu/librt-2.19.so
7f5c9f1df000-7f5c9f1e0000 r--p 00006000 fc:00 663036                     /lib/x86_64-linux-gnu/librt-2.19.so
7f5c9f1e0000-7f5c9f1e1000 rw-p 00007000 fc:00 663036                     /lib/x86_64-linux-gnu/librt-2.19.so
7f5c9f1e1000-7f5c9f1f7000 r-xp 00000000 fc:00 663078                     /lib/x86_64-linux-gnu/libgcc_s.so.1
7f5c9f1f7000-7f5c9f3f6000 ---p 00016000 fc:00 663078                     /lib/x86_64-linux-gnu/libgcc_s.so.1
7f5c9f3f6000-7f5c9f3f7000 rw-p 00015000 fc:00 663078                     /lib/x86_64-linux-gnu/libgcc_s.so.1
7f5c9f3f7000-7f5c9f4fc000 r-xp 00000000 fc:00 663054                     /lib/x86_64-linux-gnu/libm-2.19.so
7f5c9f4fc000-7f5c9f6fb000 ---p 00105000 fc:00 663054                     /lib/x86_64-linux-gnu/libm-2.19.so
7f5c9f6fb000-7f5c9f6fc000 r--p 00104000 fc:00 663054                     /lib/x86_64-linux-gnu/libm-2.19.so
7f5c9f6fc000-7f5c9f6fd000 rw-p 00105000 fc:00 663054                     /lib/x86_64-linux-gnu/libm-2.19.so
7f5c9f6fd000-7f5c9f7e3000 r-xp 00000000 fc:00 397831                     /usr/lib/x86_64-linux-gnu/libstdc++.so.6.0.19
7f5c9f7e3000-7f5c9f9e2000 ---p 000e6000 fc:00 397831                     /usr/lib/x86_64-linux-gnu/libstdc++.so.6.0.19
7f5c9f9e2000-7f5c9f9ea000 r--p 000e5000 fc:00 397831                     /usr/lib/x86_64-linux-gnu/libstdc++.so.6.0.19
7f5c9f9ea000-7f5c9f9ec000 rw-p 000ed000 fc:00 397831                     /usr/lib/x86_64-linux-gnu/libstdc++.so.6.0.19
7f5c9f9ec000-7f5c9fa01000 rw-p 00000000 00:00 0 
7f5c9fa01000-7f5ca0519000 r-xp 00000000 fc:00 668410                     /usr/lib/jvm/java-7-openjdk-amd64/jre/lib/amd64/server/libjvm.so
7f5ca0519000-7f5ca0719000 ---p 00b18000 fc:00 668410                     /usr/lib/jvm/java-7-openjdk-amd64/jre/lib/amd64/server/libjvm.so
7f5ca0719000-7f5ca07b3000 r--p 00b18000 fc:00 668410                     /usr/lib/jvm/java-7-openjdk-amd64/jre/lib/amd64/server/libjvm.so
7f5ca07b3000-7f5ca07d6000 rw-p 00bb2000 fc:00 668410                     /usr/lib/jvm/java-7-openjdk-amd64/jre/lib/amd64/server/libjvm.so
7f5ca07d6000-7f5ca0804000 rw-p 00000000 00:00 0 
7f5ca0804000-7f5ca081c000 r-xp 00000000 fc:00 654327                     /lib/x86_64-linux-gnu/libz.so.1.2.8
7f5ca081c000-7f5ca0a1b000 ---p 00018000 fc:00 654327                     /lib/x86_64-linux-gnu/libz.so.1.2.8
7f5ca0a1b000-7f5ca0a1c000 r--p 00017000 fc:00 654327                     /lib/x86_64-linux-gnu/libz.so.1.2.8
7f5ca0a1c000-7f5ca0a1d000 rw-p 00018000 fc:00 654327                     /lib/x86_64-linux-gnu/libz.so.1.2.8
7f5ca0a1d000-7f5ca0a36000 r-xp 00000000 fc:00 663072                     /lib/x86_64-linux-gnu/libpthread-2.19.so
7f5ca0a36000-7f5ca0c35000 ---p 00019000 fc:00 663072                     /lib/x86_64-linux-gnu/libpthread-2.19.so
7f5ca0c35000-7f5ca0c36000 r--p 00018000 fc:00 663072                     /lib/x86_64-linux-gnu/libpthread-2.19.so
7f5ca0c36000-7f5ca0c37000 rw-p 00019000 fc:00 663072                     /lib/x86_64-linux-gnu/libpthread-2.19.so
7f5ca0c37000-7f5ca0c3b000 rw-p 00000000 00:00 0 
7f5ca0c3b000-7f5ca0c3e000 r-xp 00000000 fc:00 663045                     /lib/x86_64-linux-gnu/libdl-2.19.so
7f5ca0c3e000-7f5ca0e3d000 ---p 00003000 fc:00 663045                     /lib/x86_64-linux-gnu/libdl-2.19.so
7f5ca0e3d000-7f5ca0e3e000 r--p 00002000 fc:00 663045                     /lib/x86_64-linux-gnu/libdl-2.19.so
7f5ca0e3e000-7f5ca0e3f000 rw-p 00003000 fc:00 663045                     /lib/x86_64-linux-gnu/libdl-2.19.so
7f5ca0e3f000-7f5ca0ffa000 r-xp 00000000 fc:00 663034                     /lib/x86_64-linux-gnu/libc-2.19.so
7f5ca0ffa000-7f5ca11fa000 ---p 001bb000 fc:00 663034                     /lib/x86_64-linux-gnu/libc-2.19.so
7f5ca11fa000-7f5ca11fe000 r--p 001bb000 fc:00 663034                     /lib/x86_64-linux-gnu/libc-2.19.so
7f5ca11fe000-7f5ca1200000 rw-p 001bf000 fc:00 663034                     /lib/x86_64-linux-gnu/libc-2.19.so
7f5ca1200000-7f5ca1205000 rw-p 00000000 00:00 0 
7f5ca1205000-7f5ca1212000 r-xp 00000000 fc:00 668137                     /usr/lib/jvm/java-7-openjdk-amd64/jre/lib/amd64/jli/libjli.so
7f5ca1212000-7f5ca1411000 ---p 0000d000 fc:00 668137                     /usr/lib/jvm/java-7-openjdk-amd64/jre/lib/amd64/jli/libjli.so
7f5ca1411000-7f5ca1412000 r--p 0000c000 fc:00 668137                     /usr/lib/jvm/java-7-openjdk-amd64/jre/lib/amd64/jli/libjli.so
7f5ca1412000-7f5ca1413000 rw-p 0000d000 fc:00 668137                     /usr/lib/jvm/java-7-openjdk-amd64/jre/lib/amd64/jli/libjli.so
7f5ca1413000-7f5ca1436000 r-xp 00000000 fc:00 663029                     /lib/x86_64-linux-gnu/ld-2.19.so
7f5ca1455000-7f5ca148a000 rw-p 00000000 00:00 0 
7f5ca148a000-7f5ca14d2000 rw-p 00000000 00:00 0 
7f5ca14d2000-7f5ca1507000 r--s 00000000 fc:00 263044                     /var/cache/nscd/passwd
7f5ca1507000-7f5ca150a000 ---p 00000000 00:00 0 
7f5ca150a000-7f5ca160d000 rw-p 00000000 00:00 0                          [stack:31558]
7f5ca1615000-7f5ca1616000 rw-p 00000000 00:00 0 
7f5ca1616000-7f5ca1617000 r--s 00002000 fc:00 665218                     /usr/lib/jvm/java-7-openjdk-amd64/jre/lib/ext/dnsns.jar
7f5ca1617000-7f5ca1619000 r--s 00012000 fc:00 665217                     /usr/lib/jvm/java-7-openjdk-amd64/jre/lib/ext/zipfs.jar
7f5ca1619000-7f5ca161c000 r--s 0000f000 fc:00 665214                     /usr/lib/jvm/java-7-openjdk-amd64/jre/lib/ext/icedtea-sound.jar
7f5ca161c000-7f5ca1620000 r--s 00034000 fc:00 665216                     /usr/lib/jvm/java-7-openjdk-amd64/jre/lib/ext/sunjce_provider.jar
7f5ca1620000-7f5ca1622000 r--s 00006000 fc:00 1338806                    /usr/share/java/java-atk-wrapper.jar
7f5ca1622000-7f5ca1626000 r--s 0003c000 fc:00 665215                     /usr/lib/jvm/java-7-openjdk-amd64/jre/lib/ext/sunpkcs11.jar
7f5ca1626000-7f5ca1629000 r--s 00086000 fc:00 665219                     /usr/lib/jvm/java-7-openjdk-amd64/jre/lib/ext/localedata.jar
7f5ca1629000-7f5ca1631000 rw-s 00000000 fc:00 2632474                    /tmp/hsperfdata_pratyaksh/31555
7f5ca1631000-7f5ca1632000 rw-p 00000000 00:00 0 
7f5ca1632000-7f5ca1633000 ---p 00000000 00:00 0 
7f5ca1633000-7f5ca1635000 rw-p 00000000 00:00 0 
7f5ca1635000-7f5ca1636000 r--p 00022000 fc:00 663029                     /lib/x86_64-linux-gnu/ld-2.19.so
7f5ca1636000-7f5ca1637000 rw-p 00023000 fc:00 663029                     /lib/x86_64-linux-gnu/ld-2.19.so
7f5ca1637000-7f5ca1638000 rw-p 00000000 00:00 0 
7fff5ab95000-7fff5abb7000 rw-p 00000000 00:00 0                          [stack]
7fff5abfe000-7fff5ac00000 r-xp 00000000 00:00 0                          [vdso]
ffffffffff600000-ffffffffff601000 r-xp 00000000 00:00 0                  [vsyscall]

VM Arguments:
jvm_args: -Dfile.encoding=UTF-8 
java_command: TP
Launcher Type: SUN_STANDARD

Environment Variables:
PATH=/usr/local/sbin:/usr/local/bin:/usr/sbin:/usr/bin:/sbin:/bin:/usr/games:/usr/local/games:/extra/lib/simplecpp:/usr/lib/oracle/12.1/client64/bin:/extra/lib/simplecpp:/users/ug12/pratyaksh/comparch/120050019-lab04/mips-cross64/bin
LD_LIBRARY_PATH=:/extra/lib/simplecpp/lib
SHELL=/bin/bash
DISPLAY=:0

Signal Handlers:
SIGSEGV: [libjvm.so+0x94b4b0], sa_mask[0]=0x7ffbfeff, sa_flags=0x10000004
SIGBUS: [libjvm.so+0x94b4b0], sa_mask[0]=0x7ffbfeff, sa_flags=0x10000004
SIGFPE: [libjvm.so+0x7c3390], sa_mask[0]=0x7ffbfeff, sa_flags=0x10000004
SIGPIPE: [libjvm.so+0x7c3390], sa_mask[0]=0x7ffbfeff, sa_flags=0x10000004
SIGXFSZ: [libjvm.so+0x7c3390], sa_mask[0]=0x7ffbfeff, sa_flags=0x10000004
SIGILL: [libjvm.so+0x7c3390], sa_mask[0]=0x7ffbfeff, sa_flags=0x10000004
SIGUSR1: SIG_DFL, sa_mask[0]=0x00000000, sa_flags=0x00000000
SIGUSR2: [libjvm.so+0x7c3230], sa_mask[0]=0x00000004, sa_flags=0x10000004
SIGHUP: [libjvm.so+0x7c3410], sa_mask[0]=0x7ffbfeff, sa_flags=0x10000004
SIGINT: [libjvm.so+0x7c3410], sa_mask[0]=0x7ffbfeff, sa_flags=0x10000004
SIGTERM: [libjvm.so+0x7c3410], sa_mask[0]=0x7ffbfeff, sa_flags=0x10000004
SIGQUIT: [libjvm.so+0x7c3410], sa_mask[0]=0x7ffbfeff, sa_flags=0x10000004
SIGTRAP: SIG_DFL, sa_mask[0]=0x00000000, sa_flags=0x00000000


---------------  S Y S T E M  ---------------

OS:Ubuntu 14.04 (trusty)
uname:Linux 3.13.0-44-generic #73-Ubuntu SMP Tue Dec 16 00:22:43 UTC 2014 x86_64
libc:glibc 2.19 NPTL 2.19 
rlimit: STACK 8192k, CORE 0k, NPROC 62911, NOFILE 4096, AS infinity
load average:8.42 5.81 5.18

/proc/meminfo:
MemTotal:        8075228 kB
MemFree:          134388 kB
Buffers:             476 kB
Cached:           465296 kB
SwapCached:            0 kB
Active:          7258800 kB
Inactive:         441728 kB
Active(anon):    7249240 kB
Inactive(anon):   429964 kB
Active(file):       9560 kB
Inactive(file):    11764 kB
Unevictable:          80 kB
Mlocked:              80 kB
SwapTotal:             0 kB
SwapFree:              0 kB
Dirty:               156 kB
Writeback:             0 kB
AnonPages:       7234992 kB
Mapped:           124868 kB
Shmem:            444192 kB
Slab:              86516 kB
SReclaimable:      43460 kB
SUnreclaim:        43056 kB
KernelStack:        7008 kB
PageTables:        64036 kB
NFS_Unstable:          0 kB
Bounce:                0 kB
WritebackTmp:          0 kB
CommitLimit:     4037612 kB
Committed_AS:   13802944 kB
VmallocTotal:   34359738367 kB
VmallocUsed:      355552 kB
VmallocChunk:   34359372284 kB
HardwareCorrupted:     0 kB
AnonHugePages:   4773888 kB
HugePages_Total:       0
HugePages_Free:        0
HugePages_Rsvd:        0
HugePages_Surp:        0
Hugepagesize:       2048 kB
DirectMap4k:       84780 kB
DirectMap2M:     8202240 kB


CPU:total 4 (4 cores per cpu, 1 threads per core) family 6 model 58 stepping 9, cmov, cx8, fxsr, mmx, sse, sse2, sse3, ssse3, sse4.1, sse4.2, popcnt, avx, aes, erms, tsc, tscinvbit, tscinv

/proc/cpuinfo:
processor	: 0
vendor_id	: GenuineIntel
cpu family	: 6
model		: 58
model name	: Intel(R) Core(TM) i5-3330 CPU @ 3.00GHz
stepping	: 9
microcode	: 0x12
cpu MHz		: 3001.000
cache size	: 6144 KB
physical id	: 0
siblings	: 4
core id		: 0
cpu cores	: 4
apicid		: 0
initial apicid	: 0
fpu		: yes
fpu_exception	: yes
cpuid level	: 13
wp		: yes
flags		: fpu vme de pse tsc msr pae mce cx8 apic sep mtrr pge mca cmov pat pse36 clflush dts acpi mmx fxsr sse sse2 ss ht tm pbe syscall nx rdtscp lm constant_tsc arch_perfmon pebs bts rep_good nopl xtopology nonstop_tsc aperfmperf eagerfpu pni pclmulqdq dtes64 monitor ds_cpl vmx est tm2 ssse3 cx16 xtpr pdcm pcid sse4_1 sse4_2 x2apic popcnt tsc_deadline_timer aes xsave avx f16c rdrand lahf_lm ida arat xsaveopt pln pts dtherm tpr_shadow vnmi flexpriority ept vpid fsgsbase smep erms
bogomips	: 5987.00
clflush size	: 64
cache_alignment	: 64
address sizes	: 36 bits physical, 48 bits virtual
power management:

processor	: 1
vendor_id	: GenuineIntel
cpu family	: 6
model		: 58
model name	: Intel(R) Core(TM) i5-3330 CPU @ 3.00GHz
stepping	: 9
microcode	: 0x12
cpu MHz		: 3001.000
cache size	: 6144 KB
physical id	: 0
siblings	: 4
core id		: 1
cpu cores	: 4
apicid		: 2
initial apicid	: 2
fpu		: yes
fpu_exception	: yes
cpuid level	: 13
wp		: yes
flags		: fpu vme de pse tsc msr pae mce cx8 apic sep mtrr pge mca cmov pat pse36 clflush dts acpi mmx fxsr sse sse2 ss ht tm pbe syscall nx rdtscp lm constant_tsc arch_perfmon pebs bts rep_good nopl xtopology nonstop_tsc aperfmperf eagerfpu pni pclmulqdq dtes64 monitor ds_cpl vmx est tm2 ssse3 cx16 xtpr pdcm pcid sse4_1 sse4_2 x2apic popcnt tsc_deadline_timer aes xsave avx f16c rdrand lahf_lm ida arat xsaveopt pln pts dtherm tpr_shadow vnmi flexpriority ept vpid fsgsbase smep erms
bogomips	: 5987.00
clflush size	: 64
cache_alignment	: 64
address sizes	: 36 bits physical, 48 bits virtual
power management:

processor	: 2
vendor_id	: GenuineIntel
cpu family	: 6
model		: 58
model name	: Intel(R) Core(TM) i5-3330 CPU @ 3.00GHz
stepping	: 9
microcode	: 0x12
cpu MHz		: 3001.000
cache size	: 6144 KB
physical id	: 0
siblings	: 4
core id		: 2
cpu cores	: 4
apicid		: 4
initial apicid	: 4
fpu		: yes
fpu_exception	: yes
cpuid level	: 13
wp		: yes
flags		: fpu vme de pse tsc msr pae mce cx8 apic sep mtrr pge mca cmov pat pse36 clflush dts acpi mmx fxsr sse sse2 ss ht tm pbe syscall nx rdtscp lm constant_tsc arch_perfmon pebs bts rep_good nopl xtopology nonstop_tsc aperfmperf eagerfpu pni pclmulqdq dtes64 monitor ds_cpl vmx est tm2 ssse3 cx16 xtpr pdcm pcid sse4_1 sse4_2 x2apic popcnt tsc_deadline_timer aes xsave avx f16c rdrand lahf_lm ida arat xsaveopt pln pts dtherm tpr_shadow vnmi flexpriority ept vpid fsgsbase smep erms
bogomips	: 5987.00
clflush size	: 64
cache_alignment	: 64
address sizes	: 36 bits physical, 48 bits virtual
power management:

processor	: 3
vendor_id	: GenuineIntel
cpu family	: 6
model		: 58
model name	: Intel(R) Core(TM) i5-3330 CPU @ 3.00GHz
stepping	: 9
microcode	: 0x12
cpu MHz		: 3001.000
cache size	: 6144 KB
physical id	: 0
siblings	: 4
core id		: 3
cpu cores	: 4
apicid		: 6
initial apicid	: 6
fpu		: yes
fpu_exception	: yes
cpuid level	: 13
wp		: yes
flags		: fpu vme de pse tsc msr pae mce cx8 apic sep mtrr pge mca cmov pat pse36 clflush dts acpi mmx fxsr sse sse2 ss ht tm pbe syscall nx rdtscp lm constant_tsc arch_perfmon pebs bts rep_good nopl xtopology nonstop_tsc aperfmperf eagerfpu pni pclmulqdq dtes64 monitor ds_cpl vmx est tm2 ssse3 cx16 xtpr pdcm pcid sse4_1 sse4_2 x2apic popcnt tsc_deadline_timer aes xsave avx f16c rdrand lahf_lm ida arat xsaveopt pln pts dtherm tpr_shadow vnmi flexpriority ept vpid fsgsbase smep erms
bogomips	: 5987.00
clflush size	: 64
cache_alignment	: 64
address sizes	: 36 bits physical, 48 bits virtual
power management:



Memory: 4k page, physical 8075228k(134388k free), swap 0k(0k free)

vm_info: OpenJDK 64-Bit Server VM (24.75-b04) for linux-amd64 JRE (1.7.0_75-b13), built on Jan 27 2015 00:38:59 by "buildd" with gcc 4.8.2

time: Tue Feb 10 16:32:02 2015
elapsed time: 20 seconds

