#
# There is insufficient memory for the Java Runtime Environment to continue.
# Native memory allocation (malloc) failed to allocate 98566144 bytes for committing reserved memory.
# Possible reasons:
#   The system is out of physical RAM or swap space
#   In 32 bit mode, the process size limit was hit
# Possible solutions:
#   Reduce memory load on the system
#   Increase physical memory or swap space
#   Check if swap backing store is full
#   Use 64 bit Java on a 64 bit OS
#   Decrease Java heap size (-Xmx/-Xms)
#   Decrease number of Java threads
#   Decrease Java thread stack sizes (-Xss)
#   Set larger code cache with -XX:ReservedCodeCacheSize=
# This output file may be truncated or incomplete.
#
#  Out of Memory Error (os_linux.cpp:2798), pid=31891, tid=140387261019904
#
# JRE version: OpenJDK Runtime Environment (7.0_75-b13) (build 1.7.0_75-b13)
# Java VM: OpenJDK 64-Bit Server VM (24.75-b04 mixed mode linux-amd64 compressed oops)
# Derivative: IcedTea 2.5.4
# Distribution: Ubuntu 14.04 LTS, package 7u75-2.5.4-1~trusty1
# Failed to write core dump. Core dumps have been disabled. To enable core dumping, try "ulimit -c unlimited" before starting Java again
#

---------------  T H R E A D  ---------------

Current thread (0x00007fae7c073800):  VMThread [stack: 0x00007fae74c2f000,0x00007fae74d30000] [id=31914]

Stack: [0x00007fae74c2f000,0x00007fae74d30000],  sp=0x00007fae74d2e490,  free space=1021k
Native frames: (J=compiled Java code, j=interpreted, Vv=VM code, C=native code)
V  [libjvm.so+0x94a9d5]  VMError::report_and_die()+0x175
V  [libjvm.so+0x48b954]  report_vm_out_of_memory(char const*, int, unsigned long, char const*)+0x74
V  [libjvm.so+0x7c7b7b]  os::pd_commit_memory(char*, unsigned long, unsigned long, bool)+0xeb
V  [libjvm.so+0x7c263f]  os::commit_memory(char*, unsigned long, unsigned long, bool)+0x1f
V  [libjvm.so+0x834b1b]  PSVirtualSpace::expand_by(unsigned long)+0x5b
V  [libjvm.so+0x82486b]  PSOldGen::expand_by(unsigned long) [clone .part.80]+0x1b
V  [libjvm.so+0x824a2b]  PSOldGen::expand(unsigned long) [clone .part.81]+0xdb
V  [libjvm.so+0x825958]  PSOldGen::resize(unsigned long)+0x188
V  [libjvm.so+0x82ca24]  PSParallelCompact::invoke_no_policy(bool)+0x9c4
V  [libjvm.so+0x832c5d]  PSScavenge::invoke()+0x17d
V  [libjvm.so+0x7e9203]  ParallelScavengeHeap::failed_mem_allocate(unsigned long)+0x63
V  [libjvm.so+0x94c3d4]  VM_ParallelGCFailedAllocation::doit()+0x84
V  [libjvm.so+0x9508d7]  VM_Operation::evaluate()+0x47
V  [libjvm.so+0x94f248]  VMThread::evaluate_operation(VM_Operation*)+0x318
V  [libjvm.so+0x94f6a9]  VMThread::loop()+0x219
V  [libjvm.so+0x94faf2]  VMThread::run()+0x72
V  [libjvm.so+0x7c4a42]  java_start(Thread*)+0xf2

VM_Operation (0x00007fae84ef26f0): ParallelGCFailedAllocation, mode: safepoint, requested by thread 0x00007fae7c008000


---------------  P R O C E S S  ---------------

Java Threads: ( => current thread )
  0x00007fae7c0ae000 JavaThread "Service Thread" daemon [_thread_blocked, id=31925, stack(0x00007fae74360000,0x00007fae74461000)]
  0x00007fae7c0ab800 JavaThread "C2 CompilerThread1" daemon [_thread_blocked, id=31924, stack(0x00007fae74461000,0x00007fae74562000)]
  0x00007fae7c0a8800 JavaThread "C2 CompilerThread0" daemon [_thread_blocked, id=31923, stack(0x00007fae74562000,0x00007fae74663000)]
  0x00007fae7c0a6800 JavaThread "Signal Dispatcher" daemon [_thread_blocked, id=31921, stack(0x00007fae74663000,0x00007fae74764000)]
  0x00007fae7c079800 JavaThread "Finalizer" daemon [_thread_blocked, id=31916, stack(0x00007fae74a2d000,0x00007fae74b2e000)]
  0x00007fae7c077800 JavaThread "Reference Handler" daemon [_thread_blocked, id=31915, stack(0x00007fae74b2e000,0x00007fae74c2f000)]
  0x00007fae7c008000 JavaThread "main" [_thread_blocked, id=31900, stack(0x00007fae84df3000,0x00007fae84ef4000)]

Other Threads:
=>0x00007fae7c073800 VMThread [stack: 0x00007fae74c2f000,0x00007fae74d30000] [id=31914]
  0x00007fae7c0b8800 WatcherThread [stack: 0x00007fae7425f000,0x00007fae74360000] [id=31926]

VM state:at safepoint (normal execution)

VM Mutex/Monitor currently owned by a thread:  ([mutex/lock_event])
[0x00007fae7c005df0] ExpandHeap_lock - owner thread: 0x00007fae7c073800
[0x00007fae7c006470] Threads_lock - owner thread: 0x00007fae7c073800
[0x00007fae7c006970] Heap_lock - owner thread: 0x00007fae7c008000

Heap
 PSYoungGen      total 634880K, used 8758K [0x00000007d6e80000, 0x0000000800000000, 0x0000000800000000)
  eden space 614912K, 0% used [0x00000007d6e80000,0x00000007d6e80000,0x00000007fc700000)
  from space 19968K, 43% used [0x00000007fc700000,0x00000007fcf8da20,0x00000007fda80000)
  to   space 30208K, 0% used [0x00000007fe280000,0x00000007fe280000,0x0000000800000000)
 ParOldGen       total 144896K, used 144389K [0x0000000784c00000, 0x000000078d980000, 0x00000007d6e80000)
  object space 144896K, 99% used [0x0000000784c00000,0x000000078d901430,0x000000078d980000)
 PSPermGen       total 21504K, used 3489K [0x000000077a600000, 0x000000077bb00000, 0x0000000784c00000)
  object space 21504K, 16% used [0x000000077a600000,0x000000077a968738,0x000000077bb00000)

Card table byte_map: [0x00007fae81d8e000,0x00007fae821bc000] byte_map_base: 0x00007fae7e1bb000

Polling page: 0x00007fae84f1e000

Code Cache  [0x00007fae79000000, 0x00007fae79270000, 0x00007fae7c000000)
 total_blobs=232 nmethods=42 adapters=144 free_code_cache=48615Kb largest_free_block=49752320

Compilation events (10 events):
Event: 10.900 Thread 0x00007fae7c0a8800   38             java.util.HashMap$Entry::getKey (5 bytes)
Event: 10.901 Thread 0x00007fae7c0a8800 nmethod 38 0x00007fae79075ad0 code [0x00007fae79075c00, 0x00007fae79075c78]
Event: 10.901 Thread 0x00007fae7c0a8800   39             java.util.HashMap$KeyIterator::next (8 bytes)
Event: 10.904 Thread 0x00007fae7c0a8800 nmethod 39 0x00007fae7906b910 code [0x00007fae7906ba60, 0x00007fae7906bbb8]
Event: 11.014 Thread 0x00007fae7c0a8800   40 %           TP::applyAxioms @ 186 (357 bytes)
Event: 11.076 Thread 0x00007fae7c0ab800   41             java.util.HashMap::put (142 bytes)
Event: 11.086 Thread 0x00007fae7c0ab800 nmethod 41 0x00007fae79076790 code [0x00007fae79076940, 0x00007fae79076ee8]
Event: 11.140 Thread 0x00007fae7c0a8800 nmethod 40% 0x00007fae790827d0 code [0x00007fae79082c80, 0x00007fae790855f0]
Event: 18.046 Thread 0x00007fae7c0ab800   42 %           TP::applyAxioms @ 186 (357 bytes)
Event: 18.197 Thread 0x00007fae7c0ab800 nmethod 42% 0x00007fae790882d0 code [0x00007fae790887c0, 0x00007fae7908ac18]

GC Heap History (10 events):
Event: 16.184 GC heap after
Heap after GC invocations=14 (full 0):
 PSYoungGen      total 643072K, used 19520K [0x00000007d6e80000, 0x0000000800000000, 0x0000000800000000)
  eden space 622080K, 0% used [0x00000007d6e80000,0x00000007d6e80000,0x00000007fce00000)
  from space 20992K, 92% used [0x00000007feb80000,0x00000007ffe90000,0x0000000800000000)
  to   space 25600K, 0% used [0x00000007fce00000,0x00000007fce00000,0x00000007fe700000)
 ParOldGen       total 83968K, used 76092K [0x0000000784c00000, 0x0000000789e00000, 0x00000007d6e80000)
  object space 83968K, 90% used [0x0000000784c00000,0x000000078964f090,0x0000000789e00000)
 PSPermGen       total 21504K, used 3490K [0x000000077a600000, 0x000000077bb00000, 0x0000000784c00000)
  object space 21504K, 16% used [0x000000077a600000,0x000000077a968b20,0x000000077bb00000)
}
Event: 16.184 GC heap before
{Heap before GC invocations=15 (full 1):
 PSYoungGen      total 643072K, used 19520K [0x00000007d6e80000, 0x0000000800000000, 0x0000000800000000)
  eden space 622080K, 0% used [0x00000007d6e80000,0x00000007d6e80000,0x00000007fce00000)
  from space 20992K, 92% used [0x00000007feb80000,0x00000007ffe90000,0x0000000800000000)
  to   space 25600K, 0% used [0x00000007fce00000,0x00000007fce00000,0x00000007fe700000)
 ParOldGen       total 83968K, used 76092K [0x0000000784c00000, 0x0000000789e00000, 0x00000007d6e80000)
  object space 83968K, 90% used [0x0000000784c00000,0x000000078964f090,0x0000000789e00000)
 PSPermGen       total 21504K, used 3490K [0x000000077a600000, 0x000000077bb00000, 0x0000000784c00000)
  object space 21504K, 16% used [0x000000077a600000,0x000000077a968b20,0x000000077bb00000)
Event: 17.712 GC heap after
Heap after GC invocations=15 (full 1):
 PSYoungGen      total 643072K, used 10728K [0x00000007d6e80000, 0x0000000800000000, 0x0000000800000000)
  eden space 622080K, 0% used [0x00000007d6e80000,0x00000007d6e80000,0x00000007fce00000)
  from space 20992K, 51% used [0x00000007feb80000,0x00000007ff5fa318,0x0000000800000000)
  to   space 25600K, 0% used [0x00000007fce00000,0x00000007fce00000,0x00000007fe700000)
 ParOldGen       total 144896K, used 83819K [0x0000000784c00000, 0x000000078d980000, 0x00000007d6e80000)
  object space 144896K, 57% used [0x0000000784c00000,0x0000000789ddadc8,0x000000078d980000)
 PSPermGen       total 21504K, used 3489K [0x000000077a600000, 0x000000077bb00000, 0x0000000784c00000)
  object space 21504K, 16% used [0x000000077a600000,0x000000077a968718,0x000000077bb00000)
}
Event: 18.078 GC heap before
{Heap before GC invocations=16 (full 1):
 PSYoungGen      total 643072K, used 632808K [0x00000007d6e80000, 0x0000000800000000, 0x0000000800000000)
  eden space 622080K, 100% used [0x00000007d6e80000,0x00000007fce00000,0x00000007fce00000)
  from space 20992K, 51% used [0x00000007feb80000,0x00000007ff5fa318,0x0000000800000000)
  to   space 25600K, 0% used [0x00000007fce00000,0x00000007fce00000,0x00000007fe700000)
 ParOldGen       total 144896K, used 83819K [0x0000000784c00000, 0x000000078d980000, 0x00000007d6e80000)
  object space 144896K, 57% used [0x0000000784c00000,0x0000000789ddadc8,0x000000078d980000)
 PSPermGen       total 21504K, used 3489K [0x000000077a600000, 0x000000077bb00000, 0x0000000784c00000)
  object space 21504K, 16% used [0x000000077a600000,0x000000077a968718,0x000000077bb00000)
Event: 18.148 GC heap after
Heap after GC invocations=16 (full 1):
 PSYoungGen      total 642048K, used 19616K [0x00000007d6e80000, 0x0000000800000000, 0x0000000800000000)
  eden space 622080K, 0% used [0x00000007d6e80000,0x00000007d6e80000,0x00000007fce00000)
  from space 19968K, 98% used [0x00000007fce00000,0x00000007fe128010,0x00000007fe180000)
  to   space 27648K, 0% used [0x00000007fe500000,0x00000007fe500000,0x0000000800000000)
 ParOldGen       total 144896K, used 94659K [0x0000000784c00000, 0x000000078d980000, 0x00000007d6e80000)
  object space 144896K, 65% used [0x0000000784c00000,0x000000078a870dc8,0x000000078d980000)
 PSPermGen       total 21504K, used 3489K [0x000000077a600000, 0x000000077bb00000, 0x0000000784c00000)
  object space 21504K, 16% used [0x000000077a600000,0x000000077a968718,0x000000077bb00000)
}
Event: 18.545 GC heap before
{Heap before GC invocations=17 (full 1):
 PSYoungGen      total 642048K, used 641696K [0x00000007d6e80000, 0x0000000800000000, 0x0000000800000000)
  eden space 622080K, 100% used [0x00000007d6e80000,0x00000007fce00000,0x00000007fce00000)
  from space 19968K, 98% used [0x00000007fce00000,0x00000007fe128010,0x00000007fe180000)
  to   space 27648K, 0% used [0x00000007fe500000,0x00000007fe500000,0x0000000800000000)
 ParOldGen       total 144896K, used 94659K [0x0000000784c00000, 0x000000078d980000, 0x00000007d6e80000)
  object space 144896K, 65% used [0x0000000784c00000,0x000000078a870dc8,0x000000078d980000)
 PSPermGen       total 21504K, used 3489K [0x000000077a600000, 0x000000077bb00000, 0x0000000784c00000)
  object space 21504K, 16% used [0x000000077a600000,0x000000077a968738,0x000000077bb00000)
Event: 18.655 GC heap after
Heap after GC invocations=17 (full 1):
 PSYoungGen      total 642560K, used 20000K [0x00000007d6e80000, 0x0000000800000000, 0x0000000800000000)
  eden space 614912K, 0% used [0x00000007d6e80000,0x00000007d6e80000,0x00000007fc700000)
  from space 27648K, 72% used [0x00000007fe500000,0x00000007ff888000,0x0000000800000000)
  to   space 29184K, 0% used [0x00000007fc700000,0x00000007fc700000,0x00000007fe380000)
 ParOldGen       total 144896K, used 114363K [0x0000000784c00000, 0x000000078d980000, 0x00000007d6e80000)
  object space 144896K, 78% used [0x0000000784c00000,0x000000078bbaedd8,0x000000078d980000)
 PSPermGen       total 21504K, used 3489K [0x000000077a600000, 0x000000077bb00000, 0x0000000784c00000)
  object space 21504K, 16% used [0x000000077a600000,0x000000077a968738,0x000000077bb00000)
}
Event: 19.051 GC heap before
{Heap before GC invocations=18 (full 1):
 PSYoungGen      total 642560K, used 634912K [0x00000007d6e80000, 0x0000000800000000, 0x0000000800000000)
  eden space 614912K, 100% used [0x00000007d6e80000,0x00000007fc700000,0x00000007fc700000)
  from space 27648K, 72% used [0x00000007fe500000,0x00000007ff888000,0x0000000800000000)
  to   space 29184K, 0% used [0x00000007fc700000,0x00000007fc700000,0x00000007fe380000)
 ParOldGen       total 144896K, used 114363K [0x0000000784c00000, 0x000000078d980000, 0x00000007d6e80000)
  object space 144896K, 78% used [0x0000000784c00000,0x000000078bbaedd8,0x000000078d980000)
 PSPermGen       total 21504K, used 3489K [0x000000077a600000, 0x000000077bb00000, 0x0000000784c00000)
  object space 21504K, 16% used [0x000000077a600000,0x000000077a968738,0x000000077bb00000)
Event: 19.142 GC heap after
Heap after GC invocations=18 (full 1):
 PSYoungGen      total 634880K, used 19616K [0x00000007d6e80000, 0x0000000800000000, 0x0000000800000000)
  eden space 614912K, 0% used [0x00000007d6e80000,0x00000007d6e80000,0x00000007fc700000)
  from space 19968K, 98% used [0x00000007fc700000,0x00000007fda28000,0x00000007fda80000)
  to   space 30208K, 0% used [0x00000007fe280000,0x00000007fe280000,0x0000000800000000)
 ParOldGen       total 144896K, used 134435K [0x0000000784c00000, 0x000000078d980000, 0x00000007d6e80000)
  object space 144896K, 92% used [0x0000000784c00000,0x000000078cf48dd8,0x000000078d980000)
 PSPermGen       total 21504K, used 3489K [0x000000077a600000, 0x000000077bb00000, 0x0000000784c00000)
  object space 21504K, 16% used [0x000000077a600000,0x000000077a968738,0x000000077bb00000)
}
Event: 19.142 GC heap before
{Heap before GC invocations=19 (full 2):
 PSYoungGen      total 634880K, used 19616K [0x00000007d6e80000, 0x0000000800000000, 0x0000000800000000)
  eden space 614912K, 0% used [0x00000007d6e80000,0x00000007d6e80000,0x00000007fc700000)
  from space 19968K, 98% used [0x00000007fc700000,0x00000007fda28000,0x00000007fda80000)
  to   space 30208K, 0% used [0x00000007fe280000,0x00000007fe280000,0x0000000800000000)
 ParOldGen       total 144896K, used 134435K [0x0000000784c00000, 0x000000078d980000, 0x00000007d6e80000)
  object space 144896K, 92% used [0x0000000784c00000,0x000000078cf48dd8,0x000000078d980000)
 PSPermGen       total 21504K, used 3489K [0x000000077a600000, 0x000000077bb00000, 0x0000000784c00000)
  object space 21504K, 16% used [0x000000077a600000,0x000000077a968738,0x000000077bb00000)

Deoptimization events (1 events):
Event: 18.032 Thread 0x00007fae7c008000 Uncommon trap: reason=unreached action=reinterpret pc=0x00007fae79084db4 method=TP.applyAxioms()V @ 285

Internal exceptions (10 events):
Event: 0.318 Thread 0x00007fae7c008000 Threw 0x00000007d6ec8538 at /build/buildd/openjdk-7-7u75-2.5.4/build/openjdk/hotspot/src/share/vm/prims/jvm.cpp:1284
Event: 0.318 Thread 0x00007fae7c008000 Threw 0x00000007d6ec8660 at /build/buildd/openjdk-7-7u75-2.5.4/build/openjdk/hotspot/src/share/vm/prims/jvm.cpp:1284
Event: 0.320 Thread 0x00007fae7c008000 Threw 0x00000007d6ec9578 at /build/buildd/openjdk-7-7u75-2.5.4/build/openjdk/hotspot/src/share/vm/prims/jvm.cpp:1284
Event: 0.326 Thread 0x00007fae7c008000 Threw 0x00000007d6ed3c68 at /build/buildd/openjdk-7-7u75-2.5.4/build/openjdk/hotspot/src/share/vm/prims/jvm.cpp:1284
Event: 0.406 Thread 0x00007fae7c008000 Threw 0x00000007d6ef3e58 at /build/buildd/openjdk-7-7u75-2.5.4/build/openjdk/hotspot/src/share/vm/prims/jvm.cpp:1284
Event: 0.406 Thread 0x00007fae7c008000 Threw 0x00000007d6ef3f80 at /build/buildd/openjdk-7-7u75-2.5.4/build/openjdk/hotspot/src/share/vm/prims/jvm.cpp:1284
Event: 0.406 Thread 0x00007fae7c008000 Threw 0x00000007d6ef6530 at /build/buildd/openjdk-7-7u75-2.5.4/build/openjdk/hotspot/src/share/vm/prims/jvm.cpp:1284
Event: 0.406 Thread 0x00007fae7c008000 Threw 0x00000007d6ef6658 at /build/buildd/openjdk-7-7u75-2.5.4/build/openjdk/hotspot/src/share/vm/prims/jvm.cpp:1284
Event: 0.407 Thread 0x00007fae7c008000 Threw 0x00000007d6ef6f58 at /build/buildd/openjdk-7-7u75-2.5.4/build/openjdk/hotspot/src/share/vm/prims/jvm.cpp:1284
Event: 0.407 Thread 0x00007fae7c008000 Threw 0x00000007d6ef7080 at /build/buildd/openjdk-7-7u75-2.5.4/build/openjdk/hotspot/src/share/vm/prims/jvm.cpp:1284

Events (10 events):
Event: 15.991 Executing VM operation: ParallelGCFailedAllocation
Event: 17.712 Executing VM operation: ParallelGCFailedAllocation done
Event: 18.032 Thread 0x00007fae7c008000 Uncommon trap: trap_request=0xffffffad fr.pc=0x00007fae79084db4
Event: 18.032 Thread 0x00007fae7c008000 DEOPT PACKING pc=0x00007fae79084db4 sp=0x00007fae84ef28a0
Event: 18.032 Thread 0x00007fae7c008000 DEOPT UNPACKING pc=0x00007fae79039445 sp=0x00007fae84ef2878 mode 2
Event: 18.078 Executing VM operation: ParallelGCFailedAllocation
Event: 18.148 Executing VM operation: ParallelGCFailedAllocation done
Event: 18.545 Executing VM operation: ParallelGCFailedAllocation
Event: 18.655 Executing VM operation: ParallelGCFailedAllocation done
Event: 19.051 Executing VM operation: ParallelGCFailedAllocation


Dynamic libraries:
00400000-00401000 r-xp 00000000 fc:00 547025                             /usr/lib/jvm/java-7-openjdk-amd64/jre/bin/java
00600000-00601000 r--p 00000000 fc:00 547025                             /usr/lib/jvm/java-7-openjdk-amd64/jre/bin/java
00601000-00602000 rw-p 00001000 fc:00 547025                             /usr/lib/jvm/java-7-openjdk-amd64/jre/bin/java
01601000-01622000 rw-p 00000000 00:00 0                                  [heap]
77a600000-77bb00000 rw-p 00000000 00:00 0 
77bb00000-784c00000 rw-p 00000000 00:00 0 
784c00000-78d980000 rw-p 00000000 00:00 0 
793780000-7d6e80000 rw-p 00000000 00:00 0 
7d6e80000-800000000 rw-p 00000000 00:00 0 
7fae40000000-7fae40021000 rw-p 00000000 00:00 0 
7fae40021000-7fae44000000 ---p 00000000 00:00 0 
7fae48000000-7fae484ed000 rw-p 00000000 00:00 0 
7fae484ed000-7fae4c000000 ---p 00000000 00:00 0 
7fae4c000000-7fae4c021000 rw-p 00000000 00:00 0 
7fae4c021000-7fae50000000 ---p 00000000 00:00 0 
7fae50000000-7fae50021000 rw-p 00000000 00:00 0 
7fae50021000-7fae54000000 ---p 00000000 00:00 0 
7fae54000000-7fae54a05000 rw-p 00000000 00:00 0 
7fae54a05000-7fae58000000 ---p 00000000 00:00 0 
7fae58000000-7fae58021000 rw-p 00000000 00:00 0 
7fae58021000-7fae5c000000 ---p 00000000 00:00 0 
7fae5c000000-7fae5c021000 rw-p 00000000 00:00 0 
7fae5c021000-7fae60000000 ---p 00000000 00:00 0 
7fae60000000-7fae60021000 rw-p 00000000 00:00 0 
7fae60021000-7fae64000000 ---p 00000000 00:00 0 
7fae64000000-7fae640e1000 rw-p 00000000 00:00 0 
7fae640e1000-7fae68000000 ---p 00000000 00:00 0 
7fae68000000-7fae68021000 rw-p 00000000 00:00 0 
7fae68021000-7fae6c000000 ---p 00000000 00:00 0 
7fae6c000000-7fae6c021000 rw-p 00000000 00:00 0 
7fae6c021000-7fae70000000 ---p 00000000 00:00 0 
7fae70000000-7fae70021000 rw-p 00000000 00:00 0 
7fae70021000-7fae74000000 ---p 00000000 00:00 0 
7fae740fe000-7fae7425f000 rw-p 00000000 00:00 0 
7fae7425f000-7fae74260000 ---p 00000000 00:00 0 
7fae74260000-7fae74360000 rw-p 00000000 00:00 0                          [stack:31926]
7fae74360000-7fae74363000 ---p 00000000 00:00 0 
7fae74363000-7fae74461000 rw-p 00000000 00:00 0                          [stack:31925]
7fae74461000-7fae74464000 ---p 00000000 00:00 0 
7fae74464000-7fae74562000 rw-p 00000000 00:00 0                          [stack:31924]
7fae74562000-7fae74565000 ---p 00000000 00:00 0 
7fae74565000-7fae74663000 rw-p 00000000 00:00 0                          [stack:31923]
7fae74663000-7fae74666000 ---p 00000000 00:00 0 
7fae74666000-7fae74764000 rw-p 00000000 00:00 0                          [stack:31921]
7fae74764000-7fae74a2d000 r--p 00000000 fc:00 392600                     /usr/lib/locale/locale-archive
7fae74a2d000-7fae74a30000 ---p 00000000 00:00 0 
7fae74a30000-7fae74b2e000 rw-p 00000000 00:00 0                          [stack:31916]
7fae74b2e000-7fae74b31000 ---p 00000000 00:00 0 
7fae74b31000-7fae74c2f000 rw-p 00000000 00:00 0                          [stack:31915]
7fae74c2f000-7fae74c30000 ---p 00000000 00:00 0 
7fae74c30000-7fae79000000 rw-p 00000000 00:00 0                          [stack:31914]
7fae79000000-7fae79270000 rwxp 00000000 00:00 0 
7fae79270000-7fae7c13e000 rw-p 00000000 00:00 0 
7fae7c13e000-7fae80000000 ---p 00000000 00:00 0 
7fae80023000-7fae81020000 rw-p 00000000 00:00 0 
7fae81020000-7fae811d2000 r--s 01d23000 fc:00 665210                     /usr/lib/jvm/java-7-openjdk-amd64/jre/lib/rt.jar
7fae811d2000-7fae816f8000 rw-p 00000000 00:00 0 
7fae816f8000-7fae816f9000 ---p 00000000 00:00 0 
7fae816f9000-7fae817f9000 rw-p 00000000 00:00 0                          [stack:31910]
7fae817f9000-7fae817fa000 ---p 00000000 00:00 0 
7fae817fa000-7fae818fa000 rw-p 00000000 00:00 0                          [stack:31909]
7fae818fa000-7fae818fb000 ---p 00000000 00:00 0 
7fae818fb000-7fae819fb000 rw-p 00000000 00:00 0                          [stack:31908]
7fae819fb000-7fae819fc000 ---p 00000000 00:00 0 
7fae819fc000-7fae81b43000 rw-p 00000000 00:00 0                          [stack:31906]
7fae81b43000-7fae81d8e000 rw-p 00000000 00:00 0 
7fae81d8e000-7fae81d99000 rw-p 00000000 00:00 0 
7fae81d99000-7fae81de1000 rw-p 00000000 00:00 0 
7fae81de1000-7fae81e28000 rw-p 00000000 00:00 0 
7fae81e28000-7fae82072000 rw-p 00000000 00:00 0 
7fae82072000-7fae821bb000 rw-p 00000000 00:00 0 
7fae821bb000-7fae821c6000 rw-p 00000000 00:00 0 
7fae821c6000-7fae8227c000 rw-p 00000000 00:00 0 
7fae8227c000-7fae82284000 r-xp 00000000 fc:00 669173                     /usr/lib/jvm/java-7-openjdk-amd64/jre/lib/amd64/libzip.so
7fae82284000-7fae82483000 ---p 00008000 fc:00 669173                     /usr/lib/jvm/java-7-openjdk-amd64/jre/lib/amd64/libzip.so
7fae82483000-7fae82484000 r--p 00007000 fc:00 669173                     /usr/lib/jvm/java-7-openjdk-amd64/jre/lib/amd64/libzip.so
7fae82484000-7fae82485000 rw-p 00008000 fc:00 669173                     /usr/lib/jvm/java-7-openjdk-amd64/jre/lib/amd64/libzip.so
7fae82485000-7fae824b0000 r-xp 00000000 fc:00 668159                     /usr/lib/jvm/java-7-openjdk-amd64/jre/lib/amd64/libjava.so
7fae824b0000-7fae826b0000 ---p 0002b000 fc:00 668159                     /usr/lib/jvm/java-7-openjdk-amd64/jre/lib/amd64/libjava.so
7fae826b0000-7fae826b1000 r--p 0002b000 fc:00 668159                     /usr/lib/jvm/java-7-openjdk-amd64/jre/lib/amd64/libjava.so
7fae826b1000-7fae826b3000 rw-p 0002c000 fc:00 668159                     /usr/lib/jvm/java-7-openjdk-amd64/jre/lib/amd64/libjava.so
7fae826b3000-7fae826c3000 r-xp 00000000 fc:00 668158                     /usr/lib/jvm/java-7-openjdk-amd64/jre/lib/amd64/libverify.so
7fae826c3000-7fae828c2000 ---p 00010000 fc:00 668158                     /usr/lib/jvm/java-7-openjdk-amd64/jre/lib/amd64/libverify.so
7fae828c2000-7fae828c4000 r--p 0000f000 fc:00 668158                     /usr/lib/jvm/java-7-openjdk-amd64/jre/lib/amd64/libverify.so
7fae828c4000-7fae828c5000 rw-p 00011000 fc:00 668158                     /usr/lib/jvm/java-7-openjdk-amd64/jre/lib/amd64/libverify.so
7fae828c5000-7fae828cc000 r-xp 00000000 fc:00 663036                     /lib/x86_64-linux-gnu/librt-2.19.so
7fae828cc000-7fae82acb000 ---p 00007000 fc:00 663036                     /lib/x86_64-linux-gnu/librt-2.19.so
7fae82acb000-7fae82acc000 r--p 00006000 fc:00 663036                     /lib/x86_64-linux-gnu/librt-2.19.so
7fae82acc000-7fae82acd000 rw-p 00007000 fc:00 663036                     /lib/x86_64-linux-gnu/librt-2.19.so
7fae82acd000-7fae82ae3000 r-xp 00000000 fc:00 663078                     /lib/x86_64-linux-gnu/libgcc_s.so.1
7fae82ae3000-7fae82ce2000 ---p 00016000 fc:00 663078                     /lib/x86_64-linux-gnu/libgcc_s.so.1
7fae82ce2000-7fae82ce3000 rw-p 00015000 fc:00 663078                     /lib/x86_64-linux-gnu/libgcc_s.so.1
7fae82ce3000-7fae82de8000 r-xp 00000000 fc:00 663054                     /lib/x86_64-linux-gnu/libm-2.19.so
7fae82de8000-7fae82fe7000 ---p 00105000 fc:00 663054                     /lib/x86_64-linux-gnu/libm-2.19.so
7fae82fe7000-7fae82fe8000 r--p 00104000 fc:00 663054                     /lib/x86_64-linux-gnu/libm-2.19.so
7fae82fe8000-7fae82fe9000 rw-p 00105000 fc:00 663054                     /lib/x86_64-linux-gnu/libm-2.19.so
7fae82fe9000-7fae830cf000 r-xp 00000000 fc:00 397831                     /usr/lib/x86_64-linux-gnu/libstdc++.so.6.0.19
7fae830cf000-7fae832ce000 ---p 000e6000 fc:00 397831                     /usr/lib/x86_64-linux-gnu/libstdc++.so.6.0.19
7fae832ce000-7fae832d6000 r--p 000e5000 fc:00 397831                     /usr/lib/x86_64-linux-gnu/libstdc++.so.6.0.19
7fae832d6000-7fae832d8000 rw-p 000ed000 fc:00 397831                     /usr/lib/x86_64-linux-gnu/libstdc++.so.6.0.19
7fae832d8000-7fae832ed000 rw-p 00000000 00:00 0 
7fae832ed000-7fae83e05000 r-xp 00000000 fc:00 668410                     /usr/lib/jvm/java-7-openjdk-amd64/jre/lib/amd64/server/libjvm.so
7fae83e05000-7fae84005000 ---p 00b18000 fc:00 668410                     /usr/lib/jvm/java-7-openjdk-amd64/jre/lib/amd64/server/libjvm.so
7fae84005000-7fae8409f000 r--p 00b18000 fc:00 668410                     /usr/lib/jvm/java-7-openjdk-amd64/jre/lib/amd64/server/libjvm.so
7fae8409f000-7fae840c2000 rw-p 00bb2000 fc:00 668410                     /usr/lib/jvm/java-7-openjdk-amd64/jre/lib/amd64/server/libjvm.so
7fae840c2000-7fae840f0000 rw-p 00000000 00:00 0 
7fae840f0000-7fae84108000 r-xp 00000000 fc:00 654327                     /lib/x86_64-linux-gnu/libz.so.1.2.8
7fae84108000-7fae84307000 ---p 00018000 fc:00 654327                     /lib/x86_64-linux-gnu/libz.so.1.2.8
7fae84307000-7fae84308000 r--p 00017000 fc:00 654327                     /lib/x86_64-linux-gnu/libz.so.1.2.8
7fae84308000-7fae84309000 rw-p 00018000 fc:00 654327                     /lib/x86_64-linux-gnu/libz.so.1.2.8
7fae84309000-7fae84322000 r-xp 00000000 fc:00 663072                     /lib/x86_64-linux-gnu/libpthread-2.19.so
7fae84322000-7fae84521000 ---p 00019000 fc:00 663072                     /lib/x86_64-linux-gnu/libpthread-2.19.so
7fae84521000-7fae84522000 r--p 00018000 fc:00 663072                     /lib/x86_64-linux-gnu/libpthread-2.19.so
7fae84522000-7fae84523000 rw-p 00019000 fc:00 663072                     /lib/x86_64-linux-gnu/libpthread-2.19.so
7fae84523000-7fae84527000 rw-p 00000000 00:00 0 
7fae84527000-7fae8452a000 r-xp 00000000 fc:00 663045                     /lib/x86_64-linux-gnu/libdl-2.19.so
7fae8452a000-7fae84729000 ---p 00003000 fc:00 663045                     /lib/x86_64-linux-gnu/libdl-2.19.so
7fae84729000-7fae8472a000 r--p 00002000 fc:00 663045                     /lib/x86_64-linux-gnu/libdl-2.19.so
7fae8472a000-7fae8472b000 rw-p 00003000 fc:00 663045                     /lib/x86_64-linux-gnu/libdl-2.19.so
7fae8472b000-7fae848e6000 r-xp 00000000 fc:00 663034                     /lib/x86_64-linux-gnu/libc-2.19.so
7fae848e6000-7fae84ae6000 ---p 001bb000 fc:00 663034                     /lib/x86_64-linux-gnu/libc-2.19.so
7fae84ae6000-7fae84aea000 r--p 001bb000 fc:00 663034                     /lib/x86_64-linux-gnu/libc-2.19.so
7fae84aea000-7fae84aec000 rw-p 001bf000 fc:00 663034                     /lib/x86_64-linux-gnu/libc-2.19.so
7fae84aec000-7fae84af1000 rw-p 00000000 00:00 0 
7fae84af1000-7fae84afe000 r-xp 00000000 fc:00 668137                     /usr/lib/jvm/java-7-openjdk-amd64/jre/lib/amd64/jli/libjli.so
7fae84afe000-7fae84cfd000 ---p 0000d000 fc:00 668137                     /usr/lib/jvm/java-7-openjdk-amd64/jre/lib/amd64/jli/libjli.so
7fae84cfd000-7fae84cfe000 r--p 0000c000 fc:00 668137                     /usr/lib/jvm/java-7-openjdk-amd64/jre/lib/amd64/jli/libjli.so
7fae84cfe000-7fae84cff000 rw-p 0000d000 fc:00 668137                     /usr/lib/jvm/java-7-openjdk-amd64/jre/lib/amd64/jli/libjli.so
7fae84cff000-7fae84d22000 r-xp 00000000 fc:00 663029                     /lib/x86_64-linux-gnu/ld-2.19.so
7fae84d41000-7fae84d76000 rw-p 00000000 00:00 0 
7fae84d76000-7fae84dbe000 rw-p 00000000 00:00 0 
7fae84dbe000-7fae84df3000 r--s 00000000 fc:00 263044                     /var/cache/nscd/passwd
7fae84df3000-7fae84df6000 ---p 00000000 00:00 0 
7fae84df6000-7fae84ef9000 rw-p 00000000 00:00 0                          [stack:31900]
7fae84f01000-7fae84f02000 rw-p 00000000 00:00 0 
7fae84f02000-7fae84f03000 r--s 00002000 fc:00 665218                     /usr/lib/jvm/java-7-openjdk-amd64/jre/lib/ext/dnsns.jar
7fae84f03000-7fae84f05000 r--s 00012000 fc:00 665217                     /usr/lib/jvm/java-7-openjdk-amd64/jre/lib/ext/zipfs.jar
7fae84f05000-7fae84f08000 r--s 0000f000 fc:00 665214                     /usr/lib/jvm/java-7-openjdk-amd64/jre/lib/ext/icedtea-sound.jar
7fae84f08000-7fae84f0c000 r--s 00034000 fc:00 665216                     /usr/lib/jvm/java-7-openjdk-amd64/jre/lib/ext/sunjce_provider.jar
7fae84f0c000-7fae84f0e000 r--s 00006000 fc:00 1338806                    /usr/share/java/java-atk-wrapper.jar
7fae84f0e000-7fae84f12000 r--s 0003c000 fc:00 665215                     /usr/lib/jvm/java-7-openjdk-amd64/jre/lib/ext/sunpkcs11.jar
7fae84f12000-7fae84f15000 r--s 00086000 fc:00 665219                     /usr/lib/jvm/java-7-openjdk-amd64/jre/lib/ext/localedata.jar
7fae84f15000-7fae84f1d000 rw-s 00000000 fc:00 2632480                    /tmp/hsperfdata_pratyaksh/31891
7fae84f1d000-7fae84f1e000 rw-p 00000000 00:00 0 
7fae84f1e000-7fae84f1f000 ---p 00000000 00:00 0 
7fae84f1f000-7fae84f21000 rw-p 00000000 00:00 0 
7fae84f21000-7fae84f22000 r--p 00022000 fc:00 663029                     /lib/x86_64-linux-gnu/ld-2.19.so
7fae84f22000-7fae84f23000 rw-p 00023000 fc:00 663029                     /lib/x86_64-linux-gnu/ld-2.19.so
7fae84f23000-7fae84f24000 rw-p 00000000 00:00 0 
7fff03d5f000-7fff03d81000 rw-p 00000000 00:00 0                          [stack]
7fff03df8000-7fff03dfa000 r-xp 00000000 00:00 0                          [vdso]
ffffffffff600000-ffffffffff601000 r-xp 00000000 00:00 0                  [vsyscall]

VM Arguments:
jvm_args: -Dfile.encoding=UTF-8 
java_command: TP
Launcher Type: SUN_STANDARD

Environment Variables:
PATH=/usr/local/sbin:/usr/local/bin:/usr/sbin:/usr/bin:/sbin:/bin:/usr/games:/usr/local/games:/extra/lib/simplecpp:/usr/lib/oracle/12.1/client64/bin:/extra/lib/simplecpp:/users/ug12/pratyaksh/comparch/120050019-lab04/mips-cross64/bin
LD_LIBRARY_PATH=:/extra/lib/simplecpp/lib
SHELL=/bin/bash
DISPLAY=:0

Signal Handlers:
SIGSEGV: [libjvm.so+0x94b4b0], sa_mask[0]=0x7ffbfeff, sa_flags=0x10000004
SIGBUS: [libjvm.so+0x94b4b0], sa_mask[0]=0x7ffbfeff, sa_flags=0x10000004
SIGFPE: [libjvm.so+0x7c3390], sa_mask[0]=0x7ffbfeff, sa_flags=0x10000004
SIGPIPE: [libjvm.so+0x7c3390], sa_mask[0]=0x7ffbfeff, sa_flags=0x10000004
SIGXFSZ: [libjvm.so+0x7c3390], sa_mask[0]=0x7ffbfeff, sa_flags=0x10000004
SIGILL: [libjvm.so+0x7c3390], sa_mask[0]=0x7ffbfeff, sa_flags=0x10000004
SIGUSR1: SIG_DFL, sa_mask[0]=0x00000000, sa_flags=0x00000000
SIGUSR2: [libjvm.so+0x7c3230], sa_mask[0]=0x00000004, sa_flags=0x10000004
SIGHUP: [libjvm.so+0x7c3410], sa_mask[0]=0x7ffbfeff, sa_flags=0x10000004
SIGINT: [libjvm.so+0x7c3410], sa_mask[0]=0x7ffbfeff, sa_flags=0x10000004
SIGTERM: [libjvm.so+0x7c3410], sa_mask[0]=0x7ffbfeff, sa_flags=0x10000004
SIGQUIT: [libjvm.so+0x7c3410], sa_mask[0]=0x7ffbfeff, sa_flags=0x10000004
SIGTRAP: SIG_DFL, sa_mask[0]=0x00000000, sa_flags=0x00000000


---------------  S Y S T E M  ---------------

OS:Ubuntu 14.04 (trusty)
uname:Linux 3.13.0-44-generic #73-Ubuntu SMP Tue Dec 16 00:22:43 UTC 2014 x86_64
libc:glibc 2.19 NPTL 2.19 
rlimit: STACK 8192k, CORE 0k, NPROC 62911, NOFILE 4096, AS infinity
load average:6.65 5.80 5.27

/proc/meminfo:
MemTotal:        8075228 kB
MemFree:          131844 kB
Buffers:             180 kB
Cached:           497848 kB
SwapCached:            0 kB
Active:          7243764 kB
Inactive:         460540 kB
Active(anon):    7220780 kB
Inactive(anon):   437696 kB
Active(file):      22984 kB
Inactive(file):    22844 kB
Unevictable:          80 kB
Mlocked:              80 kB
SwapTotal:             0 kB
SwapFree:              0 kB
Dirty:               372 kB
Writeback:             0 kB
AnonPages:       7206656 kB
Mapped:           154996 kB
Shmem:            451816 kB
Slab:              82480 kB
SReclaimable:      38720 kB
SUnreclaim:        43760 kB
KernelStack:        7808 kB
PageTables:        65316 kB
NFS_Unstable:          0 kB
Bounce:                0 kB
WritebackTmp:          0 kB
CommitLimit:     4037612 kB
Committed_AS:   15039668 kB
VmallocTotal:   34359738367 kB
VmallocUsed:      355584 kB
VmallocChunk:   34359372284 kB
HardwareCorrupted:     0 kB
AnonHugePages:   5040128 kB
HugePages_Total:       0
HugePages_Free:        0
HugePages_Rsvd:        0
HugePages_Surp:        0
Hugepagesize:       2048 kB
DirectMap4k:       84780 kB
DirectMap2M:     8202240 kB


CPU:total 4 (4 cores per cpu, 1 threads per core) family 6 model 58 stepping 9, cmov, cx8, fxsr, mmx, sse, sse2, sse3, ssse3, sse4.1, sse4.2, popcnt, avx, aes, erms, tsc, tscinvbit, tscinv

/proc/cpuinfo:
processor	: 0
vendor_id	: GenuineIntel
cpu family	: 6
model		: 58
model name	: Intel(R) Core(TM) i5-3330 CPU @ 3.00GHz
stepping	: 9
microcode	: 0x12
cpu MHz		: 3001.000
cache size	: 6144 KB
physical id	: 0
siblings	: 4
core id		: 0
cpu cores	: 4
apicid		: 0
initial apicid	: 0
fpu		: yes
fpu_exception	: yes
cpuid level	: 13
wp		: yes
flags		: fpu vme de pse tsc msr pae mce cx8 apic sep mtrr pge mca cmov pat pse36 clflush dts acpi mmx fxsr sse sse2 ss ht tm pbe syscall nx rdtscp lm constant_tsc arch_perfmon pebs bts rep_good nopl xtopology nonstop_tsc aperfmperf eagerfpu pni pclmulqdq dtes64 monitor ds_cpl vmx est tm2 ssse3 cx16 xtpr pdcm pcid sse4_1 sse4_2 x2apic popcnt tsc_deadline_timer aes xsave avx f16c rdrand lahf_lm ida arat xsaveopt pln pts dtherm tpr_shadow vnmi flexpriority ept vpid fsgsbase smep erms
bogomips	: 5987.00
clflush size	: 64
cache_alignment	: 64
address sizes	: 36 bits physical, 48 bits virtual
power management:

processor	: 1
vendor_id	: GenuineIntel
cpu family	: 6
model		: 58
model name	: Intel(R) Core(TM) i5-3330 CPU @ 3.00GHz
stepping	: 9
microcode	: 0x12
cpu MHz		: 3001.000
cache size	: 6144 KB
physical id	: 0
siblings	: 4
core id		: 1
cpu cores	: 4
apicid		: 2
initial apicid	: 2
fpu		: yes
fpu_exception	: yes
cpuid level	: 13
wp		: yes
flags		: fpu vme de pse tsc msr pae mce cx8 apic sep mtrr pge mca cmov pat pse36 clflush dts acpi mmx fxsr sse sse2 ss ht tm pbe syscall nx rdtscp lm constant_tsc arch_perfmon pebs bts rep_good nopl xtopology nonstop_tsc aperfmperf eagerfpu pni pclmulqdq dtes64 monitor ds_cpl vmx est tm2 ssse3 cx16 xtpr pdcm pcid sse4_1 sse4_2 x2apic popcnt tsc_deadline_timer aes xsave avx f16c rdrand lahf_lm ida arat xsaveopt pln pts dtherm tpr_shadow vnmi flexpriority ept vpid fsgsbase smep erms
bogomips	: 5987.00
clflush size	: 64
cache_alignment	: 64
address sizes	: 36 bits physical, 48 bits virtual
power management:

processor	: 2
vendor_id	: GenuineIntel
cpu family	: 6
model		: 58
model name	: Intel(R) Core(TM) i5-3330 CPU @ 3.00GHz
stepping	: 9
microcode	: 0x12
cpu MHz		: 3001.000
cache size	: 6144 KB
physical id	: 0
siblings	: 4
core id		: 2
cpu cores	: 4
apicid		: 4
initial apicid	: 4
fpu		: yes
fpu_exception	: yes
cpuid level	: 13
wp		: yes
flags		: fpu vme de pse tsc msr pae mce cx8 apic sep mtrr pge mca cmov pat pse36 clflush dts acpi mmx fxsr sse sse2 ss ht tm pbe syscall nx rdtscp lm constant_tsc arch_perfmon pebs bts rep_good nopl xtopology nonstop_tsc aperfmperf eagerfpu pni pclmulqdq dtes64 monitor ds_cpl vmx est tm2 ssse3 cx16 xtpr pdcm pcid sse4_1 sse4_2 x2apic popcnt tsc_deadline_timer aes xsave avx f16c rdrand lahf_lm ida arat xsaveopt pln pts dtherm tpr_shadow vnmi flexpriority ept vpid fsgsbase smep erms
bogomips	: 5987.00
clflush size	: 64
cache_alignment	: 64
address sizes	: 36 bits physical, 48 bits virtual
power management:

processor	: 3
vendor_id	: GenuineIntel
cpu family	: 6
model		: 58
model name	: Intel(R) Core(TM) i5-3330 CPU @ 3.00GHz
stepping	: 9
microcode	: 0x12
cpu MHz		: 3001.000
cache size	: 6144 KB
physical id	: 0
siblings	: 4
core id		: 3
cpu cores	: 4
apicid		: 6
initial apicid	: 6
fpu		: yes
fpu_exception	: yes
cpuid level	: 13
wp		: yes
flags		: fpu vme de pse tsc msr pae mce cx8 apic sep mtrr pge mca cmov pat pse36 clflush dts acpi mmx fxsr sse sse2 ss ht tm pbe syscall nx rdtscp lm constant_tsc arch_perfmon pebs bts rep_good nopl xtopology nonstop_tsc aperfmperf eagerfpu pni pclmulqdq dtes64 monitor ds_cpl vmx est tm2 ssse3 cx16 xtpr pdcm pcid sse4_1 sse4_2 x2apic popcnt tsc_deadline_timer aes xsave avx f16c rdrand lahf_lm ida arat xsaveopt pln pts dtherm tpr_shadow vnmi flexpriority ept vpid fsgsbase smep erms
bogomips	: 5987.00
clflush size	: 64
cache_alignment	: 64
address sizes	: 36 bits physical, 48 bits virtual
power management:



Memory: 4k page, physical 8075228k(131844k free), swap 0k(0k free)

vm_info: OpenJDK 64-Bit Server VM (24.75-b04) for linux-amd64 JRE (1.7.0_75-b13), built on Jan 27 2015 00:38:59 by "buildd" with gcc 4.8.2

time: Tue Feb 10 16:34:54 2015
elapsed time: 22 seconds

